<?xml version="1.0" encoding="UTF-8"?>
<testsuite xmlns:xsi="http://www.w3.org/2001/XMLSchema-instance" xsi:noNamespaceSchemaLocation="https://maven.apache.org/surefire/maven-surefire-plugin/xsd/surefire-test-report-3.0.xsd" version="3.0" name="service.ReservaServiceTest" time="2.135" tests="3" errors="0" skipped="0" failures="0">
  <properties>
[...]
</properties>
  <testcase name="reservaConfirmadaCuandoHayDisponibilidad" classname="service.ReservaServiceTest" time="2.071">
    <system-err><![CDATA[WARNING: A Java agent has been loaded dynamically (C:\Users\Pam&Omar\.m2\repository\net\bytebuddy\byte-buddy-agent\1.14.12\byte-buddy-agent-1.14.12.jar)
WARNING: If a serviceability tool is in use, please run with -XX:+EnableDynamicAgentLoading to hide this warning
WARNING: If a serviceability tool is not in use, please run with -Djdk.instrument.traceUsage for more information
WARNING: Dynamic loading of agents will be disallowed by default in a future release
[main] INFO service.ReservaService - Reserva confirmada para 2 personas el 2025-05-01
]]></system-err>
  </testcase>
  <testcase name="reservaRechazadaCuandoNoHayDisponibilidad" classname="service.ReservaServiceTest" time="0.006">
    <system-err><![CDATA[[main] INFO service.ReservaService - Reserva rechazada para 5 personas el 2025-05-02 (sin disponibilidad)
]]></system-err>
  </testcase>
  <testcase name="reservaInvalidaPorExcesoDePersonas" classname="service.ReservaServiceTest" time="0.007">
    <system-err><![CDATA[[main] WARN service.ReservaService - Número inválido de personas para reserva: 15 personas el 2025-05-03
]]></system-err>
  </testcase>
</testsuite>